app/build/intermediates/manifest_merge_blame_file/debug/manifest-merger-blame-debug-report.txt
1<?xml version="1.0" encoding="utf-8"?>
2<manifest xmlns:android="http://schemas.android.com/apk/res/android"
3    package="com.etl.phoneauthenticationinfirebase"
4    android:versionCode="1"
5    android:versionName="1.0" >
6
7    <uses-sdk
8        android:minSdkVersion="18"
8-->src\main\AndroidManifest.xml
9        android:targetSdkVersion="29" />
9-->src\main\AndroidManifest.xml
10
11    <uses-permission android:name="android.permission.INTERNET" />
11-->src\main\AndroidManifest.xml:5:5-67
11-->src\main\AndroidManifest.xml:5:22-64
12    <uses-permission android:name="android.permission.ACCESS_NETWORK_STATE" />
12-->[com.google.firebase:firebase-database:16.0.4] AndroidManifest.xml:22:5-79
12-->[com.google.firebase:firebase-database:16.0.4] AndroidManifest.xml:22:22-76
13    <uses-permission android:name="android.permission.WAKE_LOCK" />
13-->[com.google.firebase:firebase-measurement-connector-impl:17.0.3] AndroidManifest.xml:24:5-68
13-->[com.google.firebase:firebase-measurement-connector-impl:17.0.3] AndroidManifest.xml:24:22-65
14    <uses-permission android:name="com.google.android.finsky.permission.BIND_GET_INSTALL_REFERRER_SERVICE" /> <!-- Required by older versions of Google Play services to create IID tokens -->
14-->[com.google.firebase:firebase-analytics:16.0.5] AndroidManifest.xml:26:5-110
14-->[com.google.firebase:firebase-analytics:16.0.5] AndroidManifest.xml:26:22-107
15    <uses-permission android:name="com.google.android.c2dm.permission.RECEIVE" />
15-->[com.google.firebase:firebase-iid:17.0.3] AndroidManifest.xml:26:5-82
15-->[com.google.firebase:firebase-iid:17.0.3] AndroidManifest.xml:26:22-79
16
17    <application
17-->src\main\AndroidManifest.xml:7:5-30:19
18        android:allowBackup="true"
18-->src\main\AndroidManifest.xml:8:9-35
19        android:appComponentFactory="androidx.core.app.CoreComponentFactory"
19-->[androidx.core:core:1.1.0] AndroidManifest.xml:24:18-86
20        android:debuggable="true"
21        android:icon="@mipmap/ic_launcher"
21-->src\main\AndroidManifest.xml:9:9-43
22        android:label="@string/app_name"
22-->src\main\AndroidManifest.xml:10:9-41
23        android:roundIcon="@mipmap/ic_launcher_round"
23-->src\main\AndroidManifest.xml:11:9-54
24        android:supportsRtl="true"
24-->src\main\AndroidManifest.xml:12:9-35
25        android:testOnly="true"
26        android:theme="@style/AppTheme" >
26-->src\main\AndroidManifest.xml:13:9-40
27        <activity android:name="com.etl.phoneauthenticationinfirebase.Splash_Screen" >
27-->src\main\AndroidManifest.xml:19:9-25:20
27-->src\main\AndroidManifest.xml:19:19-48
28            <intent-filter>
28-->src\main\AndroidManifest.xml:20:13-24:29
29                <action android:name="android.intent.action.MAIN" />
29-->src\main\AndroidManifest.xml:21:17-69
29-->src\main\AndroidManifest.xml:21:25-66
30
31                <category android:name="android.intent.category.LAUNCHER" />
31-->src\main\AndroidManifest.xml:23:17-77
31-->src\main\AndroidManifest.xml:23:27-74
32            </intent-filter>
33        </activity>
34        <activity android:name="com.etl.phoneauthenticationinfirebase.VerifyPhoneActivity" />
34-->src\main\AndroidManifest.xml:27:9-57
34-->src\main\AndroidManifest.xml:27:19-54
35        <activity android:name="com.etl.phoneauthenticationinfirebase.ProfileActivity" />
35-->src\main\AndroidManifest.xml:28:9-53
35-->src\main\AndroidManifest.xml:28:19-50
36        <activity android:name="com.etl.phoneauthenticationinfirebase.MainActivity" />
36-->src\main\AndroidManifest.xml:29:9-49
36-->src\main\AndroidManifest.xml:29:19-47
37        <activity
37-->[com.google.firebase:firebase-auth:16.0.5] AndroidManifest.xml:24:9-31:50
38            android:name="com.google.firebase.auth.internal.FederatedSignInActivity"
38-->[com.google.firebase:firebase-auth:16.0.5] AndroidManifest.xml:25:13-85
39            android:excludeFromRecents="true"
39-->[com.google.firebase:firebase-auth:16.0.5] AndroidManifest.xml:26:13-46
40            android:exported="true"
40-->[com.google.firebase:firebase-auth:16.0.5] AndroidManifest.xml:27:13-36
41            android:launchMode="singleTask"
41-->[com.google.firebase:firebase-auth:16.0.5] AndroidManifest.xml:28:13-44
42            android:permission="com.google.firebase.auth.api.gms.permission.LAUNCH_FEDERATED_SIGN_IN"
42-->[com.google.firebase:firebase-auth:16.0.5] AndroidManifest.xml:29:13-102
43            android:theme="@android:style/Theme.Translucent.NoTitleBar" />
43-->[com.google.firebase:firebase-auth:16.0.5] AndroidManifest.xml:30:13-72
44
45        <service
45-->[com.google.firebase:firebase-auth:16.0.5] AndroidManifest.xml:33:9-39:19
46            android:name="com.google.firebase.components.ComponentDiscoveryService"
46-->[com.google.firebase:firebase-auth:16.0.5] AndroidManifest.xml:34:13-84
47            android:exported="false" >
47-->[com.google.firebase:firebase-auth:16.0.5] AndroidManifest.xml:35:13-37
48            <meta-data
48-->[com.google.firebase:firebase-auth:16.0.5] AndroidManifest.xml:36:13-38:85
49                android:name="com.google.firebase.components:com.google.firebase.auth.FirebaseAuthRegistrar"
49-->[com.google.firebase:firebase-auth:16.0.5] AndroidManifest.xml:37:17-109
50                android:value="com.google.firebase.components.ComponentRegistrar" />
50-->[com.google.firebase:firebase-auth:16.0.5] AndroidManifest.xml:38:17-82
51            <meta-data
51-->[com.google.firebase:firebase-measurement-connector-impl:17.0.3] AndroidManifest.xml:28:13-30:85
52                android:name="com.google.firebase.components:com.google.firebase.analytics.connector.internal.AnalyticsConnectorRegistrar"
52-->[com.google.firebase:firebase-measurement-connector-impl:17.0.3] AndroidManifest.xml:29:17-139
53                android:value="com.google.firebase.components.ComponentRegistrar" />
53-->[com.google.firebase:firebase-measurement-connector-impl:17.0.3] AndroidManifest.xml:30:17-82
54            <meta-data
54-->[com.google.firebase:firebase-iid:17.0.3] AndroidManifest.xml:32:13-34:85
55                android:name="com.google.firebase.components:com.google.firebase.iid.Registrar"
55-->[com.google.firebase:firebase-iid:17.0.3] AndroidManifest.xml:33:17-96
56                android:value="com.google.firebase.components.ComponentRegistrar" />
56-->[com.google.firebase:firebase-iid:17.0.3] AndroidManifest.xml:34:17-82
57        </service>
58
59        <receiver
59-->[com.google.firebase:firebase-analytics:16.0.5] AndroidManifest.xml:29:9-33:20
60            android:name="com.google.android.gms.measurement.AppMeasurementReceiver"
60-->[com.google.firebase:firebase-analytics:16.0.5] AndroidManifest.xml:30:13-85
61            android:enabled="true"
61-->[com.google.firebase:firebase-analytics:16.0.5] AndroidManifest.xml:31:13-35
62            android:exported="false" >
62-->[com.google.firebase:firebase-analytics:16.0.5] AndroidManifest.xml:32:13-37
63        </receiver>
64        <receiver
64-->[com.google.firebase:firebase-analytics:16.0.5] AndroidManifest.xml:34:9-42:20
65            android:name="com.google.android.gms.measurement.AppMeasurementInstallReferrerReceiver"
65-->[com.google.firebase:firebase-analytics:16.0.5] AndroidManifest.xml:35:13-100
66            android:enabled="true"
66-->[com.google.firebase:firebase-analytics:16.0.5] AndroidManifest.xml:36:13-35
67            android:exported="true"
67-->[com.google.firebase:firebase-analytics:16.0.5] AndroidManifest.xml:37:13-36
68            android:permission="android.permission.INSTALL_PACKAGES" >
68-->[com.google.firebase:firebase-analytics:16.0.5] AndroidManifest.xml:38:13-69
69            <intent-filter>
69-->[com.google.firebase:firebase-analytics:16.0.5] AndroidManifest.xml:39:13-41:29
70                <action android:name="com.android.vending.INSTALL_REFERRER" />
70-->[com.google.firebase:firebase-analytics:16.0.5] AndroidManifest.xml:40:17-79
70-->[com.google.firebase:firebase-analytics:16.0.5] AndroidManifest.xml:40:25-76
71            </intent-filter>
72        </receiver>
73
74        <service
74-->[com.google.firebase:firebase-analytics:16.0.5] AndroidManifest.xml:44:9-47:40
75            android:name="com.google.android.gms.measurement.AppMeasurementService"
75-->[com.google.firebase:firebase-analytics:16.0.5] AndroidManifest.xml:45:13-84
76            android:enabled="true"
76-->[com.google.firebase:firebase-analytics:16.0.5] AndroidManifest.xml:46:13-35
77            android:exported="false" />
77-->[com.google.firebase:firebase-analytics:16.0.5] AndroidManifest.xml:47:13-37
78        <service
78-->[com.google.firebase:firebase-analytics:16.0.5] AndroidManifest.xml:48:9-52:72
79            android:name="com.google.android.gms.measurement.AppMeasurementJobService"
79-->[com.google.firebase:firebase-analytics:16.0.5] AndroidManifest.xml:49:13-87
80            android:enabled="true"
80-->[com.google.firebase:firebase-analytics:16.0.5] AndroidManifest.xml:50:13-35
81            android:exported="false"
81-->[com.google.firebase:firebase-analytics:16.0.5] AndroidManifest.xml:51:13-37
82            android:permission="android.permission.BIND_JOB_SERVICE" />
82-->[com.google.firebase:firebase-analytics:16.0.5] AndroidManifest.xml:52:13-69
83
84        <receiver
84-->[com.google.firebase:firebase-iid:17.0.3] AndroidManifest.xml:37:9-44:20
85            android:name="com.google.firebase.iid.FirebaseInstanceIdReceiver"
85-->[com.google.firebase:firebase-iid:17.0.3] AndroidManifest.xml:38:13-78
86            android:exported="true"
86-->[com.google.firebase:firebase-iid:17.0.3] AndroidManifest.xml:39:13-36
87            android:permission="com.google.android.c2dm.permission.SEND" >
87-->[com.google.firebase:firebase-iid:17.0.3] AndroidManifest.xml:40:13-73
88            <intent-filter>
88-->[com.google.firebase:firebase-iid:17.0.3] AndroidManifest.xml:41:13-43:29
89                <action android:name="com.google.android.c2dm.intent.RECEIVE" />
89-->[com.google.firebase:firebase-iid:17.0.3] AndroidManifest.xml:42:17-81
89-->[com.google.firebase:firebase-iid:17.0.3] AndroidManifest.xml:42:25-78
90            </intent-filter>
91        </receiver>
92        <!--
93             FirebaseInstanceIdService performs security checks at runtime,
94             no need for explicit permissions despite exported="true"
95        -->
96        <service
96-->[com.google.firebase:firebase-iid:17.0.3] AndroidManifest.xml:50:9-56:19
97            android:name="com.google.firebase.iid.FirebaseInstanceIdService"
97-->[com.google.firebase:firebase-iid:17.0.3] AndroidManifest.xml:51:13-77
98            android:exported="true" >
98-->[com.google.firebase:firebase-iid:17.0.3] AndroidManifest.xml:52:13-36
99            <intent-filter android:priority="-500" >
99-->[com.google.firebase:firebase-iid:17.0.3] AndroidManifest.xml:53:13-55:29
99-->[com.google.firebase:firebase-iid:17.0.3] AndroidManifest.xml:53:28-51
100                <action android:name="com.google.firebase.INSTANCE_ID_EVENT" />
100-->[com.google.firebase:firebase-iid:17.0.3] AndroidManifest.xml:54:17-80
100-->[com.google.firebase:firebase-iid:17.0.3] AndroidManifest.xml:54:25-77
101            </intent-filter>
102        </service>
103
104        <activity
104-->[com.google.android.gms:play-services-base:16.0.1] AndroidManifest.xml:23:9-26:75
105            android:name="com.google.android.gms.common.api.GoogleApiActivity"
105-->[com.google.android.gms:play-services-base:16.0.1] AndroidManifest.xml:24:13-79
106            android:exported="false"
106-->[com.google.android.gms:play-services-base:16.0.1] AndroidManifest.xml:25:13-37
107            android:theme="@android:style/Theme.Translucent.NoTitleBar" />
107-->[com.google.android.gms:play-services-base:16.0.1] AndroidManifest.xml:26:13-72
108
109        <provider
109-->[com.google.firebase:firebase-common:16.0.3] AndroidManifest.xml:10:9-14:39
110            android:name="com.google.firebase.provider.FirebaseInitProvider"
110-->[com.google.firebase:firebase-common:16.0.3] AndroidManifest.xml:11:13-77
111            android:authorities="com.etl.phoneauthenticationinfirebase.firebaseinitprovider"
111-->[com.google.firebase:firebase-common:16.0.3] AndroidManifest.xml:12:13-72
112            android:exported="false"
112-->[com.google.firebase:firebase-common:16.0.3] AndroidManifest.xml:13:13-37
113            android:initOrder="100" />
113-->[com.google.firebase:firebase-common:16.0.3] AndroidManifest.xml:14:13-36
114
115        <meta-data
115-->[com.google.android.gms:play-services-basement:16.1.0] AndroidManifest.xml:23:9-25:69
116            android:name="com.google.android.gms.version"
116-->[com.google.android.gms:play-services-basement:16.1.0] AndroidManifest.xml:24:13-58
117            android:value="@integer/google_play_services_version" />
117-->[com.google.android.gms:play-services-basement:16.1.0] AndroidManifest.xml:25:13-66
118    </application>
119
120</manifest>